<?xml version="1.0" encoding="UTF-8"?>
<testsuite name="com.foxtel.spring.demo.test.FlightControllerTest" tests="7" skipped="0" failures="0" errors="0" timestamp="2020-02-24T05:35:46" hostname="LT2YF7GW2" time="0.557">
  <properties/>
  <testcase name="getAllFlightsBetweenAirports_NotFound_Test" classname="com.foxtel.spring.demo.test.FlightControllerTest" time="0.196"/>
  <testcase name="getAllFlightBetweenAirports_Ok_Test" classname="com.foxtel.spring.demo.test.FlightControllerTest" time="0.17"/>
  <testcase name="getAllFlightsIn_EmptyResponse_Test" classname="com.foxtel.spring.demo.test.FlightControllerTest" time="0.052"/>
  <testcase name="getAllFlightsOut_EmptyResponse_Test" classname="com.foxtel.spring.demo.test.FlightControllerTest" time="0.038"/>
  <testcase name="getAllFlightsIn_Ok_Test" classname="com.foxtel.spring.demo.test.FlightControllerTest" time="0.033"/>
  <testcase name="getAllFlightBetweenAirports_EmptyResponse_Test" classname="com.foxtel.spring.demo.test.FlightControllerTest" time="0.034"/>
  <testcase name="getAllFlightsOut_Ok_Test" classname="com.foxtel.spring.demo.test.FlightControllerTest" time="0.025"/>
  <system-out><![CDATA[16:35:33.684 [Test worker] DEBUG org.springframework.test.annotation.ProfileValueUtils - Retrieved @ProfileValueSourceConfiguration [null] for test class [com.foxtel.spring.demo.test.FlightControllerTest]
16:35:33.684 [Test worker] DEBUG org.springframework.test.annotation.ProfileValueUtils - Retrieved ProfileValueSource type [class org.springframework.test.annotation.SystemProfileValueSource] for class [com.foxtel.spring.demo.test.FlightControllerTest]
16:35:33.685 [Test worker] DEBUG org.springframework.test.annotation.ProfileValueUtils - Retrieved @ProfileValueSourceConfiguration [null] for test class [com.foxtel.spring.demo.test.FlightControllerTest]
16:35:33.685 [Test worker] DEBUG org.springframework.test.annotation.ProfileValueUtils - Retrieved ProfileValueSource type [class org.springframework.test.annotation.SystemProfileValueSource] for class [com.foxtel.spring.demo.test.FlightControllerTest]
16:35:33.691 [Test worker] DEBUG org.springframework.test.context.support.AbstractDirtiesContextTestExecutionListener - Before test class: context [DefaultTestContext@78799daf testClass = FlightControllerTest, testInstance = [null], testMethod = [null], testException = [null], mergedContextConfiguration = [WebMergedContextConfiguration@1ca586b testClass = FlightControllerTest, locations = '{}', classes = '{class com.foxtel.spring.demo.Application}', contextInitializerClasses = '[]', activeProfiles = '{}', propertySourceLocations = '{}', propertySourceProperties = '{org.springframework.boot.test.context.SpringBootTestContextBootstrapper=true}', contextCustomizers = set[org.springframework.boot.test.autoconfigure.properties.PropertyMappingContextCustomizer@4b3fa0b3, org.springframework.boot.test.autoconfigure.web.servlet.WebDriverContextCustomizerFactory$Customizer@78af1b48, [ImportsContextCustomizer@67e8fcec key = [org.springframework.boot.test.autoconfigure.web.servlet.MockMvcAutoConfiguration, org.springframework.boot.test.autoconfigure.web.servlet.MockMvcWebClientAutoConfiguration, org.springframework.boot.test.autoconfigure.web.servlet.MockMvcWebDriverAutoConfiguration, org.springframework.boot.autoconfigure.security.servlet.SecurityAutoConfiguration, org.springframework.boot.autoconfigure.security.servlet.UserDetailsServiceAutoConfiguration, org.springframework.boot.test.autoconfigure.web.servlet.MockMvcSecurityConfiguration]], org.springframework.boot.test.context.filter.ExcludeFilterContextCustomizer@3f5678f2, org.springframework.boot.test.json.DuplicateJsonObjectContextCustomizerFactory$DuplicateJsonObjectContextCustomizer@27315585, org.springframework.boot.test.mock.mockito.MockitoContextCustomizer@0, org.springframework.boot.test.web.client.TestRestTemplateContextCustomizer@56c32575], resourceBasePath = 'src/main/webapp', contextLoader = 'org.springframework.boot.test.context.SpringBootContextLoader', parent = [null]], attributes = map['org.springframework.test.context.web.ServletTestExecutionListener.activateListener' -> true]], class annotated with @DirtiesContext [false] with mode [null].
16:35:33.694 [Test worker] DEBUG org.springframework.test.annotation.ProfileValueUtils - Retrieved @ProfileValueSourceConfiguration [null] for test class [com.foxtel.spring.demo.test.FlightControllerTest]
16:35:33.694 [Test worker] DEBUG org.springframework.test.annotation.ProfileValueUtils - Retrieved ProfileValueSource type [class org.springframework.test.annotation.SystemProfileValueSource] for class [com.foxtel.spring.demo.test.FlightControllerTest]
16:35:33.724 [Test worker] DEBUG org.springframework.test.context.support.TestPropertySourceUtils - Adding inlined properties to environment: {spring.jmx.enabled=false, org.springframework.boot.test.context.SpringBootTestContextBootstrapper=true, server.port=-1}
LOGBACK: No context given for c.q.l.core.rolling.SizeAndTimeBasedRollingPolicy@53279950

  .   ____          _            __ _ _
 /\\ / ___'_ __ _ _(_)_ __  __ _ \ \ \ \
( ( )\___ | '_ | '_| | '_ \/ _` | \ \ \ \
 \\/  ___)| |_)| | | | | || (_| |  ) ) ) )
  '  |____| .__|_| |_|_| |_\__, | / / / /
 =========|_|==============|___/=/_/_/_/
 :: Spring Boot ::        (v2.2.1.RELEASE)

2020-02-24 16:35:34.359  INFO 6148 --- [    Test worker] c.f.s.demo.test.FlightControllerTest     : Starting FlightControllerTest on LT2YF7GW2 with PID 6148 (started by nagarajr in C:\VisualStudioCodeWorkspace\demo\OpenFlightsAPI-SpringBoot-AOP-Security-Swagger-master)
2020-02-24 16:35:34.361 DEBUG 6148 --- [    Test worker] c.f.s.demo.test.FlightControllerTest     : Running with Spring Boot v2.2.1.RELEASE, Spring v5.2.1.RELEASE
2020-02-24 16:35:34.362  INFO 6148 --- [    Test worker] c.f.s.demo.test.FlightControllerTest     : No active profile set, falling back to default profiles: default
2020-02-24 16:35:37.012  INFO 6148 --- [    Test worker] .s.d.r.c.RepositoryConfigurationDelegate : Multiple Spring Data modules found, entering strict repository configuration mode!
2020-02-24 16:35:37.014  INFO 6148 --- [    Test worker] .s.d.r.c.RepositoryConfigurationDelegate : Bootstrapping Spring Data repositories in DEFAULT mode.
2020-02-24 16:35:37.150  INFO 6148 --- [    Test worker] .s.d.r.c.RepositoryConfigurationDelegate : Finished Spring Data repository scanning in 114ms. Found 0 repository interfaces.
2020-02-24 16:35:37.183  INFO 6148 --- [    Test worker] .s.d.r.c.RepositoryConfigurationDelegate : Multiple Spring Data modules found, entering strict repository configuration mode!
2020-02-24 16:35:37.189  INFO 6148 --- [    Test worker] .s.d.r.c.RepositoryConfigurationDelegate : Bootstrapping Spring Data repositories in DEFAULT mode.
2020-02-24 16:35:37.230  INFO 6148 --- [    Test worker] .s.d.r.c.RepositoryConfigurationDelegate : Finished Spring Data repository scanning in 22ms. Found 0 repository interfaces.
2020-02-24 16:35:38.386  INFO 6148 --- [    Test worker] trationDelegate$BeanPostProcessorChecker : Bean 'org.springframework.ws.config.annotation.DelegatingWsConfiguration' of type [org.springframework.ws.config.annotation.DelegatingWsConfiguration$$EnhancerBySpringCGLIB$$300d820] is not eligible for getting processed by all BeanPostProcessors (for example: not eligible for auto-proxying)
2020-02-24 16:35:38.490  INFO 6148 --- [    Test worker] .w.s.a.s.AnnotationActionEndpointMapping : Supporting [WS-Addressing August 2004, WS-Addressing 1.0]
2020-02-24 16:35:38.648  INFO 6148 --- [    Test worker] trationDelegate$BeanPostProcessorChecker : Bean 'org.springframework.transaction.annotation.ProxyTransactionManagementConfiguration' of type [org.springframework.transaction.annotation.ProxyTransactionManagementConfiguration] is not eligible for getting processed by all BeanPostProcessors (for example: not eligible for auto-proxying)
2020-02-24 16:35:39.216  INFO 6148 --- [    Test worker] com.zaxxer.hikari.HikariDataSource       : HikariPool-1 - Starting...
2020-02-24 16:35:39.558  INFO 6148 --- [    Test worker] com.zaxxer.hikari.HikariDataSource       : HikariPool-1 - Start completed.
2020-02-24 16:35:40.992  INFO 6148 --- [    Test worker] o.hibernate.jpa.internal.util.LogHelper  : HHH000204: Processing PersistenceUnitInfo [name: default]
2020-02-24 16:35:41.172  INFO 6148 --- [    Test worker] org.hibernate.Version                    : HHH000412: Hibernate Core {5.4.8.Final}
2020-02-24 16:35:41.454  INFO 6148 --- [    Test worker] o.hibernate.annotations.common.Version   : HCANN000001: Hibernate Commons Annotations {5.1.0.Final}
2020-02-24 16:35:41.682  INFO 6148 --- [    Test worker] org.hibernate.dialect.Dialect            : HHH000400: Using dialect: org.hibernate.dialect.H2Dialect
2020-02-24 16:35:42.002  INFO 6148 --- [    Test worker] o.h.e.t.j.p.i.JtaPlatformInitiator       : HHH000490: Using JtaPlatform implementation: [org.hibernate.engine.transaction.jta.platform.internal.NoJtaPlatform]
2020-02-24 16:35:42.012  INFO 6148 --- [    Test worker] j.LocalContainerEntityManagerFactoryBean : Initialized JPA EntityManagerFactory for persistence unit 'default'
2020-02-24 16:35:43.421  INFO 6148 --- [    Test worker] o.s.b.a.e.web.EndpointLinksResolver      : Exposing 15 endpoint(s) beneath base path '/flights'
2020-02-24 16:35:44.447  INFO 6148 --- [    Test worker] o.s.s.web.DefaultSecurityFilterChain     : Creating filter chain: any request, [org.springframework.security.web.context.request.async.WebAsyncManagerIntegrationFilter@7ef9b94f, org.springframework.security.web.context.SecurityContextPersistenceFilter@6bba7e8f, org.springframework.security.web.header.HeaderWriterFilter@35ba724c, org.springframework.security.web.csrf.CsrfFilter@47ef8f70, org.springframework.security.web.authentication.logout.LogoutFilter@1b066b7, org.springframework.security.web.authentication.www.BasicAuthenticationFilter@443b7250, org.springframework.security.web.savedrequest.RequestCacheAwareFilter@71823a44, org.springframework.security.web.servletapi.SecurityContextHolderAwareRequestFilter@419f11aa, org.springframework.security.web.authentication.AnonymousAuthenticationFilter@34ef5390, org.springframework.security.web.session.SessionManagementFilter@21ff3cb2, org.springframework.security.web.access.ExceptionTranslationFilter@148f2947, org.springframework.security.web.access.intercept.FilterSecurityInterceptor@61a630d2]
2020-02-24 16:35:44.557  INFO 6148 --- [    Test worker] pertySourcedRequestMappingHandlerMapping : Mapped URL path [/v2/api-docs] onto method [springfox.documentation.swagger2.web.Swagger2Controller#getDocumentation(String, HttpServletRequest)]
2020-02-24 16:35:45.157  WARN 6148 --- [    Test worker] JpaBaseConfiguration$JpaWebConfiguration : spring.jpa.open-in-view is enabled by default. Therefore, database queries may be performed during view rendering. Explicitly configure spring.jpa.open-in-view to disable this warning
2020-02-24 16:35:45.935  INFO 6148 --- [    Test worker] o.s.b.t.m.w.SpringBootMockServletContext : Initializing Spring TestDispatcherServlet ''
2020-02-24 16:35:45.936  INFO 6148 --- [    Test worker] o.s.t.web.servlet.TestDispatcherServlet  : Initializing Servlet ''
2020-02-24 16:35:45.962  INFO 6148 --- [    Test worker] o.s.t.web.servlet.TestDispatcherServlet  : Completed initialization in 25 ms
2020-02-24 16:35:46.020  INFO 6148 --- [    Test worker] d.s.w.p.DocumentationPluginsBootstrapper : Context refreshed
2020-02-24 16:35:46.057  INFO 6148 --- [    Test worker] d.s.w.p.DocumentationPluginsBootstrapper : Found 1 custom documentation plugin(s)
2020-02-24 16:35:46.120  INFO 6148 --- [    Test worker] s.d.s.w.s.ApiListingReferenceScanner     : Scanning for api listing references
2020-02-24 16:35:46.332  INFO 6148 --- [    Test worker] c.f.s.demo.test.FlightControllerTest     : Started FlightControllerTest in 12.595 seconds (JVM running for 14.928)
2020-02-24 16:35:46.567  WARN 6148 --- [    Test worker] o.s.web.servlet.PageNotFound             : No mapping for GET /flights/route/foo
2020-02-24 16:35:46.631  INFO 6148 --- [    Test worker] c.f.s.d.aspects.FlightControllerAspect   : REQUEST URI /flights/route/source/3393/dest/3361
2020-02-24 16:35:46.631  INFO 6148 --- [    Test worker] c.f.s.d.aspects.FlightControllerAspect   : REQUEST method GET
2020-02-24 16:35:46.632 DEBUG 6148 --- [    Test worker] c.f.s.d.aspects.FlightControllerAspect   : REQUEST session ID 2
2020-02-24 16:35:46.632 DEBUG 6148 --- [    Test worker] c.f.s.d.aspects.FlightControllerAspect   : REQUEST session creation time 1582522546600
2020-02-24 16:35:46.633 DEBUG 6148 --- [    Test worker] c.f.s.d.aspects.FlightControllerAspect   : REQUEST session last accessed time 1582522546600
2020-02-24 16:35:46.634 DEBUG 6148 --- [    Test worker] c.f.s.d.aspects.FlightControllerAspect   : REQUEST session creation time 1582522546600
2020-02-24 16:35:46.634 DEBUG 6148 --- [    Test worker] c.f.s.d.aspects.FlightControllerAspect   : REQUEST session servlet context 
2020-02-24 16:35:46.634 DEBUG 6148 --- [    Test worker] c.f.s.d.aspects.FlightControllerAspect   : REQUEST session servlet context server info MockServletContext
2020-02-24 16:35:46.635 DEBUG 6148 --- [    Test worker] c.f.s.d.aspects.FlightControllerAspect   : REQUEST session servlet context timeout 0 minutes
2020-02-24 16:35:46.636 DEBUG 6148 --- [    Test worker] c.f.s.d.aspects.FlightControllerAspect   : Reuqest time out set at 250 ms
2020-02-24 16:35:46.636 DEBUG 6148 --- [    Test worker] c.f.s.d.aspects.FlightControllerAspect   : StopWatch 'FlightControllerAspect': running time = 5041199 ns
---------------------------------------------
ns         %     Task name
---------------------------------------------
005041199  100%  getFlightsFromAndToAirports

2020-02-24 16:35:46.637 DEBUG 6148 --- [    Test worker] c.f.s.d.aspects.FlightControllerAspect   : API Running time: 5
2020-02-24 16:35:46.638  INFO 6148 --- [    Test worker] c.f.s.d.aspects.FlightControllerAspect   : HTTP Status: 200
2020-02-24 16:35:46.643  INFO 6148 --- [    Test worker] c.f.s.demo.controller.FlightController   : API called for all flights from 3393 to airport 3361
2020-02-24 16:35:46.646 DEBUG 6148 --- [    Test worker] c.f.s.demo.aspects.FlightServiceAspect   : Service requested for flights data com.foxtel.spring.demo.service.FlightService
2020-02-24 16:35:46.650 DEBUG 6148 --- [    Test worker] c.f.spring.demo.service.FlightService    : Service request for flights between 3393 and 3361
2020-02-24 16:35:46.695 DEBUG 6148 --- [    Test worker] c.f.s.demo.aspects.FlightServiceAspect   : Service successfully returned flights data 
2020-02-24 16:35:46.780  INFO 6148 --- [    Test worker] c.f.s.d.aspects.FlightControllerAspect   : REQUEST URI /flights/in/airport/12d0a71bb-ac88-4c70-9d25-b5ec0067a443
2020-02-24 16:35:46.780  INFO 6148 --- [    Test worker] c.f.s.d.aspects.FlightControllerAspect   : REQUEST method GET
2020-02-24 16:35:46.781 DEBUG 6148 --- [    Test worker] c.f.s.d.aspects.FlightControllerAspect   : REQUEST session ID 3
2020-02-24 16:35:46.781 DEBUG 6148 --- [    Test worker] c.f.s.d.aspects.FlightControllerAspect   : REQUEST session creation time 1582522546778
2020-02-24 16:35:46.781 DEBUG 6148 --- [    Test worker] c.f.s.d.aspects.FlightControllerAspect   : REQUEST session last accessed time 1582522546778
2020-02-24 16:35:46.782 DEBUG 6148 --- [    Test worker] c.f.s.d.aspects.FlightControllerAspect   : REQUEST session creation time 1582522546778
2020-02-24 16:35:46.783 DEBUG 6148 --- [    Test worker] c.f.s.d.aspects.FlightControllerAspect   : REQUEST session servlet context 
2020-02-24 16:35:46.783 DEBUG 6148 --- [    Test worker] c.f.s.d.aspects.FlightControllerAspect   : REQUEST session servlet context server info MockServletContext
2020-02-24 16:35:46.783 DEBUG 6148 --- [    Test worker] c.f.s.d.aspects.FlightControllerAspect   : REQUEST session servlet context timeout 0 minutes
2020-02-24 16:35:46.784 DEBUG 6148 --- [    Test worker] c.f.s.d.aspects.FlightControllerAspect   : Reuqest time out set at 250 ms
2020-02-24 16:35:46.784 DEBUG 6148 --- [    Test worker] c.f.s.d.aspects.FlightControllerAspect   : StopWatch 'FlightControllerAspect': running time = 3918999 ns
---------------------------------------------
ns         %     Task name
---------------------------------------------
003918999  100%  getAllFlightsIn

2020-02-24 16:35:46.785 DEBUG 6148 --- [    Test worker] c.f.s.d.aspects.FlightControllerAspect   : API Running time: 3
2020-02-24 16:35:46.786  INFO 6148 --- [    Test worker] c.f.s.d.aspects.FlightControllerAspect   : HTTP Status: 200
2020-02-24 16:35:46.786  INFO 6148 --- [    Test worker] c.f.s.demo.controller.FlightController   : API called for all flights to 12d0a71bb-ac88-4c70-9d25-b5ec0067a443
2020-02-24 16:35:46.786 DEBUG 6148 --- [    Test worker] c.f.s.demo.aspects.FlightServiceAspect   : Service requested for flights data com.foxtel.spring.demo.service.FlightService
2020-02-24 16:35:46.787 DEBUG 6148 --- [    Test worker] c.f.spring.demo.service.FlightService    : Service request for flights to 12d0a71bb-ac88-4c70-9d25-b5ec0067a443
2020-02-24 16:35:46.811 DEBUG 6148 --- [    Test worker] c.f.s.demo.aspects.FlightServiceAspect   : Service successfully returned flights data 
2020-02-24 16:35:46.827  INFO 6148 --- [    Test worker] c.f.s.d.aspects.FlightControllerAspect   : REQUEST URI /flights/out/airport/13d8c348e-dcaa-4297-abc5-cd711a232c46
2020-02-24 16:35:46.829  INFO 6148 --- [    Test worker] c.f.s.d.aspects.FlightControllerAspect   : REQUEST method GET
2020-02-24 16:35:46.830 DEBUG 6148 --- [    Test worker] c.f.s.d.aspects.FlightControllerAspect   : REQUEST session ID 4
2020-02-24 16:35:46.830 DEBUG 6148 --- [    Test worker] c.f.s.d.aspects.FlightControllerAspect   : REQUEST session creation time 1582522546824
2020-02-24 16:35:46.831 DEBUG 6148 --- [    Test worker] c.f.s.d.aspects.FlightControllerAspect   : REQUEST session last accessed time 1582522546824
2020-02-24 16:35:46.831 DEBUG 6148 --- [    Test worker] c.f.s.d.aspects.FlightControllerAspect   : REQUEST session creation time 1582522546824
2020-02-24 16:35:46.831 DEBUG 6148 --- [    Test worker] c.f.s.d.aspects.FlightControllerAspect   : REQUEST session servlet context 
2020-02-24 16:35:46.834 DEBUG 6148 --- [    Test worker] c.f.s.d.aspects.FlightControllerAspect   : REQUEST session servlet context server info MockServletContext
2020-02-24 16:35:46.835 DEBUG 6148 --- [    Test worker] c.f.s.d.aspects.FlightControllerAspect   : REQUEST session servlet context timeout 0 minutes
2020-02-24 16:35:46.837 DEBUG 6148 --- [    Test worker] c.f.s.d.aspects.FlightControllerAspect   : Reuqest time out set at 250 ms
2020-02-24 16:35:46.837 DEBUG 6148 --- [    Test worker] c.f.s.d.aspects.FlightControllerAspect   : StopWatch 'FlightControllerAspect': running time = 9882600 ns
---------------------------------------------
ns         %     Task name
---------------------------------------------
009882600  100%  getAllFlightsOut

2020-02-24 16:35:46.838 DEBUG 6148 --- [    Test worker] c.f.s.d.aspects.FlightControllerAspect   : API Running time: 9
2020-02-24 16:35:46.839  INFO 6148 --- [    Test worker] c.f.s.d.aspects.FlightControllerAspect   : HTTP Status: 200
2020-02-24 16:35:46.839  INFO 6148 --- [    Test worker] c.f.s.demo.controller.FlightController   : API called for all flights from 13d8c348e-dcaa-4297-abc5-cd711a232c46
2020-02-24 16:35:46.839 DEBUG 6148 --- [    Test worker] c.f.s.demo.aspects.FlightServiceAspect   : Service requested for flights data com.foxtel.spring.demo.service.FlightService
2020-02-24 16:35:46.840 DEBUG 6148 --- [    Test worker] c.f.spring.demo.service.FlightService    : Service request for flights from 13d8c348e-dcaa-4297-abc5-cd711a232c46
2020-02-24 16:35:46.855 DEBUG 6148 --- [    Test worker] c.f.s.demo.aspects.FlightServiceAspect   : Service successfully returned flights data 
2020-02-24 16:35:46.865  INFO 6148 --- [    Test worker] c.f.s.d.aspects.FlightControllerAspect   : REQUEST URI /flights/in/airport/2290
2020-02-24 16:35:46.865  INFO 6148 --- [    Test worker] c.f.s.d.aspects.FlightControllerAspect   : REQUEST method GET
2020-02-24 16:35:46.865 DEBUG 6148 --- [    Test worker] c.f.s.d.aspects.FlightControllerAspect   : REQUEST session ID 5
2020-02-24 16:35:46.865 DEBUG 6148 --- [    Test worker] c.f.s.d.aspects.FlightControllerAspect   : REQUEST session creation time 1582522546863
2020-02-24 16:35:46.865 DEBUG 6148 --- [    Test worker] c.f.s.d.aspects.FlightControllerAspect   : REQUEST session last accessed time 1582522546863
2020-02-24 16:35:46.865 DEBUG 6148 --- [    Test worker] c.f.s.d.aspects.FlightControllerAspect   : REQUEST session creation time 1582522546863
2020-02-24 16:35:46.865 DEBUG 6148 --- [    Test worker] c.f.s.d.aspects.FlightControllerAspect   : REQUEST session servlet context 
2020-02-24 16:35:46.866 DEBUG 6148 --- [    Test worker] c.f.s.d.aspects.FlightControllerAspect   : REQUEST session servlet context server info MockServletContext
2020-02-24 16:35:46.866 DEBUG 6148 --- [    Test worker] c.f.s.d.aspects.FlightControllerAspect   : REQUEST session servlet context timeout 0 minutes
2020-02-24 16:35:46.866 DEBUG 6148 --- [    Test worker] c.f.s.d.aspects.FlightControllerAspect   : Reuqest time out set at 250 ms
2020-02-24 16:35:46.866 DEBUG 6148 --- [    Test worker] c.f.s.d.aspects.FlightControllerAspect   : StopWatch 'FlightControllerAspect': running time = 1034300 ns
---------------------------------------------
ns         %     Task name
---------------------------------------------
001034300  100%  getAllFlightsIn

2020-02-24 16:35:46.866 DEBUG 6148 --- [    Test worker] c.f.s.d.aspects.FlightControllerAspect   : API Running time: 1
2020-02-24 16:35:46.866  INFO 6148 --- [    Test worker] c.f.s.d.aspects.FlightControllerAspect   : HTTP Status: 200
2020-02-24 16:35:46.866  INFO 6148 --- [    Test worker] c.f.s.demo.controller.FlightController   : API called for all flights to 2290
2020-02-24 16:35:46.867 DEBUG 6148 --- [    Test worker] c.f.s.demo.aspects.FlightServiceAspect   : Service requested for flights data com.foxtel.spring.demo.service.FlightService
2020-02-24 16:35:46.867 DEBUG 6148 --- [    Test worker] c.f.spring.demo.service.FlightService    : Service request for flights to 2290
2020-02-24 16:35:46.881 DEBUG 6148 --- [    Test worker] c.f.s.demo.aspects.FlightServiceAspect   : Service successfully returned flights data 
2020-02-24 16:35:46.902  INFO 6148 --- [    Test worker] c.f.s.d.aspects.FlightControllerAspect   : REQUEST URI /flights/route/source/1/dest/1
2020-02-24 16:35:46.903  INFO 6148 --- [    Test worker] c.f.s.d.aspects.FlightControllerAspect   : REQUEST method GET
2020-02-24 16:35:46.904 DEBUG 6148 --- [    Test worker] c.f.s.d.aspects.FlightControllerAspect   : REQUEST session ID 6
2020-02-24 16:35:46.905 DEBUG 6148 --- [    Test worker] c.f.s.d.aspects.FlightControllerAspect   : REQUEST session creation time 1582522546898
2020-02-24 16:35:46.905 DEBUG 6148 --- [    Test worker] c.f.s.d.aspects.FlightControllerAspect   : REQUEST session last accessed time 1582522546898
2020-02-24 16:35:46.905 DEBUG 6148 --- [    Test worker] c.f.s.d.aspects.FlightControllerAspect   : REQUEST session creation time 1582522546898
2020-02-24 16:35:46.907 DEBUG 6148 --- [    Test worker] c.f.s.d.aspects.FlightControllerAspect   : REQUEST session servlet context 
2020-02-24 16:35:46.907 DEBUG 6148 --- [    Test worker] c.f.s.d.aspects.FlightControllerAspect   : REQUEST session servlet context server info MockServletContext
2020-02-24 16:35:46.907 DEBUG 6148 --- [    Test worker] c.f.s.d.aspects.FlightControllerAspect   : REQUEST session servlet context timeout 0 minutes
2020-02-24 16:35:46.908 DEBUG 6148 --- [    Test worker] c.f.s.d.aspects.FlightControllerAspect   : Reuqest time out set at 250 ms
2020-02-24 16:35:46.910 DEBUG 6148 --- [    Test worker] c.f.s.d.aspects.FlightControllerAspect   : StopWatch 'FlightControllerAspect': running time = 6708801 ns
---------------------------------------------
ns         %     Task name
---------------------------------------------
006708801  100%  getFlightsFromAndToAirports

2020-02-24 16:35:46.912 DEBUG 6148 --- [    Test worker] c.f.s.d.aspects.FlightControllerAspect   : API Running time: 6
2020-02-24 16:35:46.912  INFO 6148 --- [    Test worker] c.f.s.d.aspects.FlightControllerAspect   : HTTP Status: 200
2020-02-24 16:35:46.914  INFO 6148 --- [    Test worker] c.f.s.demo.controller.FlightController   : API called for all flights from 1 to airport 1
2020-02-24 16:35:46.914 DEBUG 6148 --- [    Test worker] c.f.s.demo.aspects.FlightServiceAspect   : Service requested for flights data com.foxtel.spring.demo.service.FlightService
2020-02-24 16:35:46.914 DEBUG 6148 --- [    Test worker] c.f.spring.demo.service.FlightService    : Service request for flights between 1 and 1
2020-02-24 16:35:46.926 DEBUG 6148 --- [    Test worker] c.f.s.demo.aspects.FlightServiceAspect   : Service successfully returned flights data 
2020-02-24 16:35:46.938  INFO 6148 --- [    Test worker] c.f.s.d.aspects.FlightControllerAspect   : REQUEST URI /flights/out/airport/2290
2020-02-24 16:35:46.938  INFO 6148 --- [    Test worker] c.f.s.d.aspects.FlightControllerAspect   : REQUEST method GET
2020-02-24 16:35:46.939 DEBUG 6148 --- [    Test worker] c.f.s.d.aspects.FlightControllerAspect   : REQUEST session ID 7
2020-02-24 16:35:46.939 DEBUG 6148 --- [    Test worker] c.f.s.d.aspects.FlightControllerAspect   : REQUEST session creation time 1582522546936
2020-02-24 16:35:46.939 DEBUG 6148 --- [    Test worker] c.f.s.d.aspects.FlightControllerAspect   : REQUEST session last accessed time 1582522546936
2020-02-24 16:35:46.939 DEBUG 6148 --- [    Test worker] c.f.s.d.aspects.FlightControllerAspect   : REQUEST session creation time 1582522546936
2020-02-24 16:35:46.939 DEBUG 6148 --- [    Test worker] c.f.s.d.aspects.FlightControllerAspect   : REQUEST session servlet context 
2020-02-24 16:35:46.939 DEBUG 6148 --- [    Test worker] c.f.s.d.aspects.FlightControllerAspect   : REQUEST session servlet context server info MockServletContext
2020-02-24 16:35:46.939 DEBUG 6148 --- [    Test worker] c.f.s.d.aspects.FlightControllerAspect   : REQUEST session servlet context timeout 0 minutes
2020-02-24 16:35:46.939 DEBUG 6148 --- [    Test worker] c.f.s.d.aspects.FlightControllerAspect   : Reuqest time out set at 250 ms
2020-02-24 16:35:46.940 DEBUG 6148 --- [    Test worker] c.f.s.d.aspects.FlightControllerAspect   : StopWatch 'FlightControllerAspect': running time = 1276000 ns
---------------------------------------------
ns         %     Task name
---------------------------------------------
001276000  100%  getAllFlightsOut

2020-02-24 16:35:46.940 DEBUG 6148 --- [    Test worker] c.f.s.d.aspects.FlightControllerAspect   : API Running time: 1
2020-02-24 16:35:46.941  INFO 6148 --- [    Test worker] c.f.s.d.aspects.FlightControllerAspect   : HTTP Status: 200
2020-02-24 16:35:46.941  INFO 6148 --- [    Test worker] c.f.s.demo.controller.FlightController   : API called for all flights from 2290
2020-02-24 16:35:46.941 DEBUG 6148 --- [    Test worker] c.f.s.demo.aspects.FlightServiceAspect   : Service requested for flights data com.foxtel.spring.demo.service.FlightService
2020-02-24 16:35:46.941 DEBUG 6148 --- [    Test worker] c.f.spring.demo.service.FlightService    : Service request for flights from 2290
2020-02-24 16:35:46.950 DEBUG 6148 --- [    Test worker] c.f.s.demo.aspects.FlightServiceAspect   : Service successfully returned flights data 
]]></system-out>
  <system-err><![CDATA[]]></system-err>
</testsuite>
