<?xml version="1.0" encoding="UTF-8"?>
<testsuite name="com.foxtel.spring.demo.test.FlightControllerTest" tests="7" skipped="0" failures="0" errors="0" timestamp="2020-02-24T04:11:03" hostname="LT2YF7GW2" time="0.61">
  <properties/>
  <testcase name="getAllFlightsBetweenAirports_NotFound_Test" classname="com.foxtel.spring.demo.test.FlightControllerTest" time="0.225"/>
  <testcase name="getAllFlightBetweenAirports_Ok_Test" classname="com.foxtel.spring.demo.test.FlightControllerTest" time="0.22"/>
  <testcase name="getAllFlightsIn_EmptyResponse_Test" classname="com.foxtel.spring.demo.test.FlightControllerTest" time="0.031"/>
  <testcase name="getAllFlightsOut_EmptyResponse_Test" classname="com.foxtel.spring.demo.test.FlightControllerTest" time="0.03"/>
  <testcase name="getAllFlightsIn_Ok_Test" classname="com.foxtel.spring.demo.test.FlightControllerTest" time="0.035"/>
  <testcase name="getAllFlightBetweenAirports_EmptyResponse_Test" classname="com.foxtel.spring.demo.test.FlightControllerTest" time="0.035"/>
  <testcase name="getAllFlightsOut_Ok_Test" classname="com.foxtel.spring.demo.test.FlightControllerTest" time="0.028"/>
  <system-out><![CDATA[15:10:49.267 [Test worker] DEBUG org.springframework.test.annotation.ProfileValueUtils - Retrieved @ProfileValueSourceConfiguration [null] for test class [com.foxtel.spring.demo.test.FlightControllerTest]
15:10:49.267 [Test worker] DEBUG org.springframework.test.annotation.ProfileValueUtils - Retrieved ProfileValueSource type [class org.springframework.test.annotation.SystemProfileValueSource] for class [com.foxtel.spring.demo.test.FlightControllerTest]
15:10:49.267 [Test worker] DEBUG org.springframework.test.annotation.ProfileValueUtils - Retrieved @ProfileValueSourceConfiguration [null] for test class [com.foxtel.spring.demo.test.FlightControllerTest]
15:10:49.268 [Test worker] DEBUG org.springframework.test.annotation.ProfileValueUtils - Retrieved ProfileValueSource type [class org.springframework.test.annotation.SystemProfileValueSource] for class [com.foxtel.spring.demo.test.FlightControllerTest]
15:10:49.274 [Test worker] DEBUG org.springframework.test.context.support.AbstractDirtiesContextTestExecutionListener - Before test class: context [DefaultTestContext@78799daf testClass = FlightControllerTest, testInstance = [null], testMethod = [null], testException = [null], mergedContextConfiguration = [WebMergedContextConfiguration@1ca586b testClass = FlightControllerTest, locations = '{}', classes = '{class com.foxtel.spring.demo.Application}', contextInitializerClasses = '[]', activeProfiles = '{}', propertySourceLocations = '{}', propertySourceProperties = '{org.springframework.boot.test.context.SpringBootTestContextBootstrapper=true}', contextCustomizers = set[org.springframework.boot.test.autoconfigure.properties.PropertyMappingContextCustomizer@4b3fa0b3, org.springframework.boot.test.autoconfigure.web.servlet.WebDriverContextCustomizerFactory$Customizer@78af1b48, [ImportsContextCustomizer@67e8fcec key = [org.springframework.boot.test.autoconfigure.web.servlet.MockMvcAutoConfiguration, org.springframework.boot.test.autoconfigure.web.servlet.MockMvcWebClientAutoConfiguration, org.springframework.boot.test.autoconfigure.web.servlet.MockMvcWebDriverAutoConfiguration, org.springframework.boot.autoconfigure.security.servlet.SecurityAutoConfiguration, org.springframework.boot.autoconfigure.security.servlet.UserDetailsServiceAutoConfiguration, org.springframework.boot.test.autoconfigure.web.servlet.MockMvcSecurityConfiguration]], org.springframework.boot.test.context.filter.ExcludeFilterContextCustomizer@3f5678f2, org.springframework.boot.test.json.DuplicateJsonObjectContextCustomizerFactory$DuplicateJsonObjectContextCustomizer@27315585, org.springframework.boot.test.mock.mockito.MockitoContextCustomizer@0, org.springframework.boot.test.web.client.TestRestTemplateContextCustomizer@56c32575], resourceBasePath = 'src/main/webapp', contextLoader = 'org.springframework.boot.test.context.SpringBootContextLoader', parent = [null]], attributes = map['org.springframework.test.context.web.ServletTestExecutionListener.activateListener' -> true]], class annotated with @DirtiesContext [false] with mode [null].
15:10:49.276 [Test worker] DEBUG org.springframework.test.annotation.ProfileValueUtils - Retrieved @ProfileValueSourceConfiguration [null] for test class [com.foxtel.spring.demo.test.FlightControllerTest]
15:10:49.276 [Test worker] DEBUG org.springframework.test.annotation.ProfileValueUtils - Retrieved ProfileValueSource type [class org.springframework.test.annotation.SystemProfileValueSource] for class [com.foxtel.spring.demo.test.FlightControllerTest]
15:10:49.303 [Test worker] DEBUG org.springframework.test.context.support.TestPropertySourceUtils - Adding inlined properties to environment: {spring.jmx.enabled=false, org.springframework.boot.test.context.SpringBootTestContextBootstrapper=true, server.port=-1}
LOGBACK: No context given for c.q.l.core.rolling.SizeAndTimeBasedRollingPolicy@53279950

  .   ____          _            __ _ _
 /\\ / ___'_ __ _ _(_)_ __  __ _ \ \ \ \
( ( )\___ | '_ | '_| | '_ \/ _` | \ \ \ \
 \\/  ___)| |_)| | | | | || (_| |  ) ) ) )
  '  |____| .__|_| |_|_| |_\__, | / / / /
 =========|_|==============|___/=/_/_/_/
 :: Spring Boot ::        (v2.2.1.RELEASE)

2020-02-24 15:10:49.864  INFO 14980 --- [    Test worker] c.f.s.demo.test.FlightControllerTest     : Starting FlightControllerTest on LT2YF7GW2 with PID 14980 (started by nagarajr in C:\VisualStudioCodeWorkspace\demo\OpenFlightsAPI-SpringBoot-AOP-Security-Swagger-master)
2020-02-24 15:10:49.866 DEBUG 14980 --- [    Test worker] c.f.s.demo.test.FlightControllerTest     : Running with Spring Boot v2.2.1.RELEASE, Spring v5.2.1.RELEASE
2020-02-24 15:10:49.867  INFO 14980 --- [    Test worker] c.f.s.demo.test.FlightControllerTest     : No active profile set, falling back to default profiles: default
2020-02-24 15:10:51.824  INFO 14980 --- [    Test worker] .s.d.r.c.RepositoryConfigurationDelegate : Multiple Spring Data modules found, entering strict repository configuration mode!
2020-02-24 15:10:51.826  INFO 14980 --- [    Test worker] .s.d.r.c.RepositoryConfigurationDelegate : Bootstrapping Spring Data repositories in DEFAULT mode.
2020-02-24 15:10:51.872  INFO 14980 --- [    Test worker] .s.d.r.c.RepositoryConfigurationDelegate : Finished Spring Data repository scanning in 38ms. Found 0 repository interfaces.
2020-02-24 15:10:51.891  INFO 14980 --- [    Test worker] .s.d.r.c.RepositoryConfigurationDelegate : Multiple Spring Data modules found, entering strict repository configuration mode!
2020-02-24 15:10:51.895  INFO 14980 --- [    Test worker] .s.d.r.c.RepositoryConfigurationDelegate : Bootstrapping Spring Data repositories in DEFAULT mode.
2020-02-24 15:10:51.922  INFO 14980 --- [    Test worker] .s.d.r.c.RepositoryConfigurationDelegate : Finished Spring Data repository scanning in 15ms. Found 0 repository interfaces.
2020-02-24 15:10:53.063  INFO 14980 --- [    Test worker] trationDelegate$BeanPostProcessorChecker : Bean 'org.springframework.ws.config.annotation.DelegatingWsConfiguration' of type [org.springframework.ws.config.annotation.DelegatingWsConfiguration$$EnhancerBySpringCGLIB$$b05ad787] is not eligible for getting processed by all BeanPostProcessors (for example: not eligible for auto-proxying)
2020-02-24 15:10:53.256  INFO 14980 --- [    Test worker] .w.s.a.s.AnnotationActionEndpointMapping : Supporting [WS-Addressing August 2004, WS-Addressing 1.0]
2020-02-24 15:10:53.317  INFO 14980 --- [    Test worker] trationDelegate$BeanPostProcessorChecker : Bean 'org.springframework.transaction.annotation.ProxyTransactionManagementConfiguration' of type [org.springframework.transaction.annotation.ProxyTransactionManagementConfiguration] is not eligible for getting processed by all BeanPostProcessors (for example: not eligible for auto-proxying)
2020-02-24 15:10:53.896  INFO 14980 --- [    Test worker] com.zaxxer.hikari.HikariDataSource       : HikariPool-1 - Starting...
2020-02-24 15:10:54.372  INFO 14980 --- [    Test worker] com.zaxxer.hikari.HikariDataSource       : HikariPool-1 - Start completed.
2020-02-24 15:10:56.017  INFO 14980 --- [    Test worker] o.hibernate.jpa.internal.util.LogHelper  : HHH000204: Processing PersistenceUnitInfo [name: default]
2020-02-24 15:10:56.224  INFO 14980 --- [    Test worker] org.hibernate.Version                    : HHH000412: Hibernate Core {5.4.8.Final}
2020-02-24 15:10:56.679  INFO 14980 --- [    Test worker] o.hibernate.annotations.common.Version   : HCANN000001: Hibernate Commons Annotations {5.1.0.Final}
2020-02-24 15:10:57.090  INFO 14980 --- [    Test worker] org.hibernate.dialect.Dialect            : HHH000400: Using dialect: org.hibernate.dialect.H2Dialect
2020-02-24 15:10:57.671  INFO 14980 --- [    Test worker] o.h.e.t.j.p.i.JtaPlatformInitiator       : HHH000490: Using JtaPlatform implementation: [org.hibernate.engine.transaction.jta.platform.internal.NoJtaPlatform]
2020-02-24 15:10:57.690  INFO 14980 --- [    Test worker] j.LocalContainerEntityManagerFactoryBean : Initialized JPA EntityManagerFactory for persistence unit 'default'
2020-02-24 15:11:00.149  INFO 14980 --- [    Test worker] o.s.b.a.e.web.EndpointLinksResolver      : Exposing 15 endpoint(s) beneath base path '/flights'
2020-02-24 15:11:01.333  INFO 14980 --- [    Test worker] o.s.s.web.DefaultSecurityFilterChain     : Creating filter chain: any request, [org.springframework.security.web.context.request.async.WebAsyncManagerIntegrationFilter@7a17a6c7, org.springframework.security.web.context.SecurityContextPersistenceFilter@6734b19c, org.springframework.security.web.header.HeaderWriterFilter@148f2947, org.springframework.security.web.csrf.CsrfFilter@10b6d72, org.springframework.security.web.authentication.logout.LogoutFilter@7de042a4, org.springframework.security.web.authentication.www.BasicAuthenticationFilter@19fdb7aa, org.springframework.security.web.savedrequest.RequestCacheAwareFilter@6bba7e8f, org.springframework.security.web.servletapi.SecurityContextHolderAwareRequestFilter@233a23da, org.springframework.security.web.authentication.AnonymousAuthenticationFilter@6521e227, org.springframework.security.web.session.SessionManagementFilter@360f7632, org.springframework.security.web.access.ExceptionTranslationFilter@4de70235, org.springframework.security.web.access.intercept.FilterSecurityInterceptor@2e9c282b]
2020-02-24 15:11:01.698  INFO 14980 --- [    Test worker] pertySourcedRequestMappingHandlerMapping : Mapped URL path [/v2/api-docs] onto method [springfox.documentation.swagger2.web.Swagger2Controller#getDocumentation(String, HttpServletRequest)]
2020-02-24 15:11:02.507  WARN 14980 --- [    Test worker] JpaBaseConfiguration$JpaWebConfiguration : spring.jpa.open-in-view is enabled by default. Therefore, database queries may be performed during view rendering. Explicitly configure spring.jpa.open-in-view to disable this warning
2020-02-24 15:11:03.279  INFO 14980 --- [    Test worker] o.s.b.t.m.w.SpringBootMockServletContext : Initializing Spring TestDispatcherServlet ''
2020-02-24 15:11:03.280  INFO 14980 --- [    Test worker] o.s.t.web.servlet.TestDispatcherServlet  : Initializing Servlet ''
2020-02-24 15:11:03.301  INFO 14980 --- [    Test worker] o.s.t.web.servlet.TestDispatcherServlet  : Completed initialization in 21 ms
2020-02-24 15:11:03.355  INFO 14980 --- [    Test worker] d.s.w.p.DocumentationPluginsBootstrapper : Context refreshed
2020-02-24 15:11:03.395  INFO 14980 --- [    Test worker] d.s.w.p.DocumentationPluginsBootstrapper : Found 1 custom documentation plugin(s)
2020-02-24 15:11:03.479  INFO 14980 --- [    Test worker] s.d.s.w.s.ApiListingReferenceScanner     : Scanning for api listing references
2020-02-24 15:11:03.859  INFO 14980 --- [    Test worker] c.f.s.demo.test.FlightControllerTest     : Started FlightControllerTest in 14.545 seconds (JVM running for 16.534)
2020-02-24 15:11:04.110  WARN 14980 --- [    Test worker] o.s.web.servlet.PageNotFound             : No mapping for GET /flights/route/foo
2020-02-24 15:11:04.193  INFO 14980 --- [    Test worker] c.f.s.d.aspects.FlightControllerAspect   : REQUEST URI /flights/route/source/3393/dest/3361
2020-02-24 15:11:04.194  INFO 14980 --- [    Test worker] c.f.s.d.aspects.FlightControllerAspect   : REQUEST method GET
2020-02-24 15:11:04.195 DEBUG 14980 --- [    Test worker] c.f.s.d.aspects.FlightControllerAspect   : REQUEST session ID 2
2020-02-24 15:11:04.195 DEBUG 14980 --- [    Test worker] c.f.s.d.aspects.FlightControllerAspect   : REQUEST session creation time 1582517464163
2020-02-24 15:11:04.196 DEBUG 14980 --- [    Test worker] c.f.s.d.aspects.FlightControllerAspect   : REQUEST session last accessed time 1582517464163
2020-02-24 15:11:04.198 DEBUG 14980 --- [    Test worker] c.f.s.d.aspects.FlightControllerAspect   : REQUEST session creation time 1582517464163
2020-02-24 15:11:04.198 DEBUG 14980 --- [    Test worker] c.f.s.d.aspects.FlightControllerAspect   : REQUEST session servlet context 
2020-02-24 15:11:04.199 DEBUG 14980 --- [    Test worker] c.f.s.d.aspects.FlightControllerAspect   : REQUEST session servlet context server info MockServletContext
2020-02-24 15:11:04.199 DEBUG 14980 --- [    Test worker] c.f.s.d.aspects.FlightControllerAspect   : REQUEST session servlet context timeout 0 minutes
2020-02-24 15:11:04.200 DEBUG 14980 --- [    Test worker] c.f.s.d.aspects.FlightControllerAspect   : Reuqest time out set at 250 ms
2020-02-24 15:11:04.201 DEBUG 14980 --- [    Test worker] c.f.s.d.aspects.FlightControllerAspect   : StopWatch 'FlightControllerAspect': running time = 7442401 ns
---------------------------------------------
ns         %     Task name
---------------------------------------------
007442401  100%  getFlightsFromAndToAirports

2020-02-24 15:11:04.203 DEBUG 14980 --- [    Test worker] c.f.s.d.aspects.FlightControllerAspect   : API Running time: 7
2020-02-24 15:11:04.204  INFO 14980 --- [    Test worker] c.f.s.d.aspects.FlightControllerAspect   : HTTP Status: 200
2020-02-24 15:11:04.215  INFO 14980 --- [    Test worker] c.f.s.demo.controller.FlightController   : API called for all flights from 3393 to airport 3361
2020-02-24 15:11:04.215 DEBUG 14980 --- [    Test worker] c.f.s.demo.aspects.FlightServiceAspect   : Service requested for flights data com.foxtel.spring.demo.service.FlightService
2020-02-24 15:11:04.246 DEBUG 14980 --- [    Test worker] c.f.spring.demo.service.FlightService    : Service request for flights between 3393 and 3361
2020-02-24 15:11:04.310 DEBUG 14980 --- [    Test worker] c.f.s.demo.aspects.FlightServiceAspect   : Service successfully returned flights data 
2020-02-24 15:11:04.384  INFO 14980 --- [    Test worker] c.f.s.d.aspects.FlightControllerAspect   : REQUEST URI /flights/in/airport/13db09466-2794-4f44-aca8-9eb878e7ac76
2020-02-24 15:11:04.386  INFO 14980 --- [    Test worker] c.f.s.d.aspects.FlightControllerAspect   : REQUEST method GET
2020-02-24 15:11:04.386 DEBUG 14980 --- [    Test worker] c.f.s.d.aspects.FlightControllerAspect   : REQUEST session ID 3
2020-02-24 15:11:04.387 DEBUG 14980 --- [    Test worker] c.f.s.d.aspects.FlightControllerAspect   : REQUEST session creation time 1582517464383
2020-02-24 15:11:04.387 DEBUG 14980 --- [    Test worker] c.f.s.d.aspects.FlightControllerAspect   : REQUEST session last accessed time 1582517464383
2020-02-24 15:11:04.387 DEBUG 14980 --- [    Test worker] c.f.s.d.aspects.FlightControllerAspect   : REQUEST session creation time 1582517464383
2020-02-24 15:11:04.387 DEBUG 14980 --- [    Test worker] c.f.s.d.aspects.FlightControllerAspect   : REQUEST session servlet context 
2020-02-24 15:11:04.387 DEBUG 14980 --- [    Test worker] c.f.s.d.aspects.FlightControllerAspect   : REQUEST session servlet context server info MockServletContext
2020-02-24 15:11:04.387 DEBUG 14980 --- [    Test worker] c.f.s.d.aspects.FlightControllerAspect   : REQUEST session servlet context timeout 0 minutes
2020-02-24 15:11:04.388 DEBUG 14980 --- [    Test worker] c.f.s.d.aspects.FlightControllerAspect   : Reuqest time out set at 250 ms
2020-02-24 15:11:04.388 DEBUG 14980 --- [    Test worker] c.f.s.d.aspects.FlightControllerAspect   : StopWatch 'FlightControllerAspect': running time = 3353100 ns
---------------------------------------------
ns         %     Task name
---------------------------------------------
003353100  100%  getAllFlightsIn

2020-02-24 15:11:04.388 DEBUG 14980 --- [    Test worker] c.f.s.d.aspects.FlightControllerAspect   : API Running time: 3
2020-02-24 15:11:04.388  INFO 14980 --- [    Test worker] c.f.s.d.aspects.FlightControllerAspect   : HTTP Status: 200
2020-02-24 15:11:04.388  INFO 14980 --- [    Test worker] c.f.s.demo.controller.FlightController   : API called for all flights to 13db09466-2794-4f44-aca8-9eb878e7ac76
2020-02-24 15:11:04.388 DEBUG 14980 --- [    Test worker] c.f.s.demo.aspects.FlightServiceAspect   : Service requested for flights data com.foxtel.spring.demo.service.FlightService
2020-02-24 15:11:04.389 DEBUG 14980 --- [    Test worker] c.f.spring.demo.service.FlightService    : Service request for flights to 13db09466-2794-4f44-aca8-9eb878e7ac76
2020-02-24 15:11:04.401 DEBUG 14980 --- [    Test worker] c.f.s.demo.aspects.FlightServiceAspect   : Service successfully returned flights data 
2020-02-24 15:11:04.417  INFO 14980 --- [    Test worker] c.f.s.d.aspects.FlightControllerAspect   : REQUEST URI /flights/out/airport/116214bd8-c095-4aa8-bf62-980be0e08e75
2020-02-24 15:11:04.417  INFO 14980 --- [    Test worker] c.f.s.d.aspects.FlightControllerAspect   : REQUEST method GET
2020-02-24 15:11:04.417 DEBUG 14980 --- [    Test worker] c.f.s.d.aspects.FlightControllerAspect   : REQUEST session ID 4
2020-02-24 15:11:04.417 DEBUG 14980 --- [    Test worker] c.f.s.d.aspects.FlightControllerAspect   : REQUEST session creation time 1582517464415
2020-02-24 15:11:04.418 DEBUG 14980 --- [    Test worker] c.f.s.d.aspects.FlightControllerAspect   : REQUEST session last accessed time 1582517464415
2020-02-24 15:11:04.418 DEBUG 14980 --- [    Test worker] c.f.s.d.aspects.FlightControllerAspect   : REQUEST session creation time 1582517464415
2020-02-24 15:11:04.418 DEBUG 14980 --- [    Test worker] c.f.s.d.aspects.FlightControllerAspect   : REQUEST session servlet context 
2020-02-24 15:11:04.418 DEBUG 14980 --- [    Test worker] c.f.s.d.aspects.FlightControllerAspect   : REQUEST session servlet context server info MockServletContext
2020-02-24 15:11:04.418 DEBUG 14980 --- [    Test worker] c.f.s.d.aspects.FlightControllerAspect   : REQUEST session servlet context timeout 0 minutes
2020-02-24 15:11:04.419 DEBUG 14980 --- [    Test worker] c.f.s.d.aspects.FlightControllerAspect   : Reuqest time out set at 250 ms
2020-02-24 15:11:04.420 DEBUG 14980 --- [    Test worker] c.f.s.d.aspects.FlightControllerAspect   : StopWatch 'FlightControllerAspect': running time = 2704199 ns
---------------------------------------------
ns         %     Task name
---------------------------------------------
002704199  100%  getAllFlightsOut

2020-02-24 15:11:04.420 DEBUG 14980 --- [    Test worker] c.f.s.d.aspects.FlightControllerAspect   : API Running time: 2
2020-02-24 15:11:04.420  INFO 14980 --- [    Test worker] c.f.s.d.aspects.FlightControllerAspect   : HTTP Status: 200
2020-02-24 15:11:04.420  INFO 14980 --- [    Test worker] c.f.s.demo.controller.FlightController   : API called for all flights from 116214bd8-c095-4aa8-bf62-980be0e08e75
2020-02-24 15:11:04.420 DEBUG 14980 --- [    Test worker] c.f.s.demo.aspects.FlightServiceAspect   : Service requested for flights data com.foxtel.spring.demo.service.FlightService
2020-02-24 15:11:04.421 DEBUG 14980 --- [    Test worker] c.f.spring.demo.service.FlightService    : Service request for flights from 116214bd8-c095-4aa8-bf62-980be0e08e75
2020-02-24 15:11:04.438 DEBUG 14980 --- [    Test worker] c.f.s.demo.aspects.FlightServiceAspect   : Service successfully returned flights data 
2020-02-24 15:11:04.450  INFO 14980 --- [    Test worker] c.f.s.d.aspects.FlightControllerAspect   : REQUEST URI /flights/in/airport/2290
2020-02-24 15:11:04.450  INFO 14980 --- [    Test worker] c.f.s.d.aspects.FlightControllerAspect   : REQUEST method GET
2020-02-24 15:11:04.451 DEBUG 14980 --- [    Test worker] c.f.s.d.aspects.FlightControllerAspect   : REQUEST session ID 5
2020-02-24 15:11:04.451 DEBUG 14980 --- [    Test worker] c.f.s.d.aspects.FlightControllerAspect   : REQUEST session creation time 1582517464449
2020-02-24 15:11:04.451 DEBUG 14980 --- [    Test worker] c.f.s.d.aspects.FlightControllerAspect   : REQUEST session last accessed time 1582517464449
2020-02-24 15:11:04.453 DEBUG 14980 --- [    Test worker] c.f.s.d.aspects.FlightControllerAspect   : REQUEST session creation time 1582517464449
2020-02-24 15:11:04.453 DEBUG 14980 --- [    Test worker] c.f.s.d.aspects.FlightControllerAspect   : REQUEST session servlet context 
2020-02-24 15:11:04.454 DEBUG 14980 --- [    Test worker] c.f.s.d.aspects.FlightControllerAspect   : REQUEST session servlet context server info MockServletContext
2020-02-24 15:11:04.454 DEBUG 14980 --- [    Test worker] c.f.s.d.aspects.FlightControllerAspect   : REQUEST session servlet context timeout 0 minutes
2020-02-24 15:11:04.454 DEBUG 14980 --- [    Test worker] c.f.s.d.aspects.FlightControllerAspect   : Reuqest time out set at 250 ms
2020-02-24 15:11:04.455 DEBUG 14980 --- [    Test worker] c.f.s.d.aspects.FlightControllerAspect   : StopWatch 'FlightControllerAspect': running time = 4354399 ns
---------------------------------------------
ns         %     Task name
---------------------------------------------
004354399  100%  getAllFlightsIn

2020-02-24 15:11:04.456 DEBUG 14980 --- [    Test worker] c.f.s.d.aspects.FlightControllerAspect   : API Running time: 4
2020-02-24 15:11:04.457  INFO 14980 --- [    Test worker] c.f.s.d.aspects.FlightControllerAspect   : HTTP Status: 200
2020-02-24 15:11:04.457  INFO 14980 --- [    Test worker] c.f.s.demo.controller.FlightController   : API called for all flights to 2290
2020-02-24 15:11:04.458 DEBUG 14980 --- [    Test worker] c.f.s.demo.aspects.FlightServiceAspect   : Service requested for flights data com.foxtel.spring.demo.service.FlightService
2020-02-24 15:11:04.458 DEBUG 14980 --- [    Test worker] c.f.spring.demo.service.FlightService    : Service request for flights to 2290
2020-02-24 15:11:04.471 DEBUG 14980 --- [    Test worker] c.f.s.demo.aspects.FlightServiceAspect   : Service successfully returned flights data 
2020-02-24 15:11:04.482  INFO 14980 --- [    Test worker] c.f.s.d.aspects.FlightControllerAspect   : REQUEST URI /flights/route/source/1/dest/1
2020-02-24 15:11:04.483  INFO 14980 --- [    Test worker] c.f.s.d.aspects.FlightControllerAspect   : REQUEST method GET
2020-02-24 15:11:04.483 DEBUG 14980 --- [    Test worker] c.f.s.d.aspects.FlightControllerAspect   : REQUEST session ID 6
2020-02-24 15:11:04.483 DEBUG 14980 --- [    Test worker] c.f.s.d.aspects.FlightControllerAspect   : REQUEST session creation time 1582517464481
2020-02-24 15:11:04.483 DEBUG 14980 --- [    Test worker] c.f.s.d.aspects.FlightControllerAspect   : REQUEST session last accessed time 1582517464481
2020-02-24 15:11:04.483 DEBUG 14980 --- [    Test worker] c.f.s.d.aspects.FlightControllerAspect   : REQUEST session creation time 1582517464481
2020-02-24 15:11:04.483 DEBUG 14980 --- [    Test worker] c.f.s.d.aspects.FlightControllerAspect   : REQUEST session servlet context 
2020-02-24 15:11:04.484 DEBUG 14980 --- [    Test worker] c.f.s.d.aspects.FlightControllerAspect   : REQUEST session servlet context server info MockServletContext
2020-02-24 15:11:04.484 DEBUG 14980 --- [    Test worker] c.f.s.d.aspects.FlightControllerAspect   : REQUEST session servlet context timeout 0 minutes
2020-02-24 15:11:04.484 DEBUG 14980 --- [    Test worker] c.f.s.d.aspects.FlightControllerAspect   : Reuqest time out set at 250 ms
2020-02-24 15:11:04.484 DEBUG 14980 --- [    Test worker] c.f.s.d.aspects.FlightControllerAspect   : StopWatch 'FlightControllerAspect': running time = 1751100 ns
---------------------------------------------
ns         %     Task name
---------------------------------------------
001751100  100%  getFlightsFromAndToAirports

2020-02-24 15:11:04.485 DEBUG 14980 --- [    Test worker] c.f.s.d.aspects.FlightControllerAspect   : API Running time: 1
2020-02-24 15:11:04.499  INFO 14980 --- [    Test worker] c.f.s.d.aspects.FlightControllerAspect   : HTTP Status: 200
2020-02-24 15:11:04.500  INFO 14980 --- [    Test worker] c.f.s.demo.controller.FlightController   : API called for all flights from 1 to airport 1
2020-02-24 15:11:04.500 DEBUG 14980 --- [    Test worker] c.f.s.demo.aspects.FlightServiceAspect   : Service requested for flights data com.foxtel.spring.demo.service.FlightService
2020-02-24 15:11:04.500 DEBUG 14980 --- [    Test worker] c.f.spring.demo.service.FlightService    : Service request for flights between 1 and 1
2020-02-24 15:11:04.511 DEBUG 14980 --- [    Test worker] c.f.s.demo.aspects.FlightServiceAspect   : Service successfully returned flights data 
2020-02-24 15:11:04.522  INFO 14980 --- [    Test worker] c.f.s.d.aspects.FlightControllerAspect   : REQUEST URI /flights/out/airport/2290
2020-02-24 15:11:04.522  INFO 14980 --- [    Test worker] c.f.s.d.aspects.FlightControllerAspect   : REQUEST method GET
2020-02-24 15:11:04.522 DEBUG 14980 --- [    Test worker] c.f.s.d.aspects.FlightControllerAspect   : REQUEST session ID 7
2020-02-24 15:11:04.522 DEBUG 14980 --- [    Test worker] c.f.s.d.aspects.FlightControllerAspect   : REQUEST session creation time 1582517464518
2020-02-24 15:11:04.522 DEBUG 14980 --- [    Test worker] c.f.s.d.aspects.FlightControllerAspect   : REQUEST session last accessed time 1582517464518
2020-02-24 15:11:04.522 DEBUG 14980 --- [    Test worker] c.f.s.d.aspects.FlightControllerAspect   : REQUEST session creation time 1582517464518
2020-02-24 15:11:04.522 DEBUG 14980 --- [    Test worker] c.f.s.d.aspects.FlightControllerAspect   : REQUEST session servlet context 
2020-02-24 15:11:04.522 DEBUG 14980 --- [    Test worker] c.f.s.d.aspects.FlightControllerAspect   : REQUEST session servlet context server info MockServletContext
2020-02-24 15:11:04.522 DEBUG 14980 --- [    Test worker] c.f.s.d.aspects.FlightControllerAspect   : REQUEST session servlet context timeout 0 minutes
2020-02-24 15:11:04.522 DEBUG 14980 --- [    Test worker] c.f.s.d.aspects.FlightControllerAspect   : Reuqest time out set at 250 ms
2020-02-24 15:11:04.523 DEBUG 14980 --- [    Test worker] c.f.s.d.aspects.FlightControllerAspect   : StopWatch 'FlightControllerAspect': running time = 1023700 ns
---------------------------------------------
ns         %     Task name
---------------------------------------------
001023700  100%  getAllFlightsOut

2020-02-24 15:11:04.523 DEBUG 14980 --- [    Test worker] c.f.s.d.aspects.FlightControllerAspect   : API Running time: 1
2020-02-24 15:11:04.524  INFO 14980 --- [    Test worker] c.f.s.d.aspects.FlightControllerAspect   : HTTP Status: 200
2020-02-24 15:11:04.524  INFO 14980 --- [    Test worker] c.f.s.demo.controller.FlightController   : API called for all flights from 2290
2020-02-24 15:11:04.524 DEBUG 14980 --- [    Test worker] c.f.s.demo.aspects.FlightServiceAspect   : Service requested for flights data com.foxtel.spring.demo.service.FlightService
2020-02-24 15:11:04.524 DEBUG 14980 --- [    Test worker] c.f.spring.demo.service.FlightService    : Service request for flights from 2290
2020-02-24 15:11:04.533 DEBUG 14980 --- [    Test worker] c.f.s.demo.aspects.FlightServiceAspect   : Service successfully returned flights data 
]]></system-out>
  <system-err><![CDATA[]]></system-err>
</testsuite>
